28.0 APEX_CODE,NONE;APEX_PROFILING,NONE;CALLOUT,NONE;DB,INFO;SYSTEM,NONE;VALIDATION,NONE;VISUALFORCE,NONE;WAVE,NONE;WORKFLOW,NONE
16:49:07.0 (71837)|USER_INFO|[EXTERNAL]|0050G0000099R8v|jaysukh.svmxdev@servicemax.com|India Standard Time|GMT+05:30
16:49:07.0 (107391)|EXECUTION_STARTED
16:49:07.0 (111146)|CODE_UNIT_STARTED|[EXTERNAL]|01pF00000033iFe|INTF_WebServicesDef.INTF_GetSFWOutputTemplate_WS
16:49:07.0 (76492581)|SOQL_EXECUTE_BEGIN|[362]|Aggregations:0|SELECT SVMXDEV__Process__c, SVMXDEV__Source_Object_Name__c FROM SVMXDEV__ServiceMax_Processes__c WHERE (recordtype.Name = 'Process Node Objects' AND SVMXDEV__Process__r.SVMXDEV__Purpose__c = 'OUTPUT DOCUMENT' AND SVMXDEV__Type__c = :tmpVar1) ORDER BY SVMXDEV__Process__r.SVMXDEV__Name__c ASC NULLS FIRST
16:49:07.0 (126912002)|SOQL_EXECUTE_END|[362]|Rows:115
16:49:07.0 (128587577)|SOQL_EXECUTE_BEGIN|[373]|Aggregations:0|SELECT id, Name, SVMXDEV__Name__c, SVMXDEV__Custom_Action_Type__c, SVMXDEV__Description__c, SVMXDEV__ProcessID__c, SVMXDEV__Source_Object_Name__c, SVMXDEV__Purpose__c FROM SVMXDEV__ServiceMax_Processes__c WHERE Id IN :tmpVar1
16:49:07.0 (138586508)|SOQL_EXECUTE_END|[373]|Rows:115
16:49:07.0 (149435418)|CODE_UNIT_FINISHED|INTF_WebServicesDef.INTF_GetSFWOutputTemplate_WS
16:49:07.0 (151594902)|EXECUTION_FINISHED
16:49:07.159 (159256095)|USER_INFO|[EXTERNAL]|0050G0000099R8v|jaysukh.svmxdev@servicemax.com|India Standard Time|GMT+05:30
16:49:07.159 (159288729)|EXECUTION_STARTED
16:49:07.159 (159294509)|CODE_UNIT_STARTED|[EXTERNAL]|common.apex.soap.impl.ApexObjectSerializer
16:49:07.159 (173610779)|CODE_UNIT_FINISHED|common.apex.soap.impl.ApexObjectSerializer
16:49:07.159 (175444182)|EXECUTION_FINISHED
16:49:07.175 (175579627)|USER_INFO|[EXTERNAL]|0050G0000099R8v|jaysukh.svmxdev@servicemax.com|India Standard Time|GMT+05:30
16:49:07.175 (175597028)|EXECUTION_STARTED
16:49:07.175 (175600479)|CODE_UNIT_STARTED|[EXTERNAL]|common.apex.soap.impl.ApexObjectSerializer
16:49:07.175 (175663200)|CODE_UNIT_STARTED|[EXTERNAL]|common.apex.soap.impl.ApexObjectSerializer
16:49:07.175 (175730148)|CODE_UNIT_FINISHED|common.apex.soap.impl.ApexObjectSerializer
16:49:07.175 (175748377)|CODE_UNIT_STARTED|[EXTERNAL]|common.apex.soap.impl.ApexObjectSerializer
16:49:07.175 (175784517)|CODE_UNIT_FINISHED|common.apex.soap.impl.ApexObjectSerializer
16:49:07.175 (175796563)|CODE_UNIT_STARTED|[EXTERNAL]|common.apex.soap.impl.ApexObjectSerializer
16:49:07.175 (175828288)|CODE_UNIT_FINISHED|common.apex.soap.impl.ApexObjectSerializer
16:49:07.175 (175839125)|CODE_UNIT_STARTED|[EXTERNAL]|common.apex.soap.impl.ApexObjectSerializer
16:49:07.175 (175868772)|CODE_UNIT_FINISHED|common.apex.soap.impl.ApexObjectSerializer
16:49:07.175 (175879280)|CODE_UNIT_STARTED|[EXTERNAL]|common.apex.soap.impl.ApexObjectSerializer
16:49:07.175 (175908757)|CODE_UNIT_FINISHED|common.apex.soap.impl.ApexObjectSerializer
16:49:07.175 (175918930)|CODE_UNIT_STARTED|[EXTERNAL]|common.apex.soap.impl.ApexObjectSerializer
16:49:07.175 (175948028)|CODE_UNIT_FINISHED|common.apex.soap.impl.ApexObjectSerializer
16:49:07.175 (175957893)|CODE_UNIT_STARTED|[EXTERNAL]|common.apex.soap.impl.ApexObjectSerializer
16:49:07.175 (175988226)|CODE_UNIT_FINISHED|common.apex.soap.impl.ApexObjectSerializer
16:49:07.175 (175998258)|CODE_UNIT_STARTED|[EXTERNAL]|common.apex.soap.impl.ApexObjectSerializer
16:49:07.175 (176027951)|CODE_UNIT_FINISHED|common.apex.soap.impl.ApexObjectSerializer
16:49:07.175 (176038908)|CODE_UNIT_STARTED|[EXTERNAL]|common.apex.soap.impl.ApexObjectSerializer
16:49:07.175 (176067888)|CODE_UNIT_FINISHED|common.apex.soap.impl.ApexObjectSerializer
16:49:07.175 (176078013)|CODE_UNIT_STARTED|[EXTERNAL]|common.apex.soap.impl.ApexObjectSerializer
16:49:07.175 (176105578)|CODE_UNIT_FINISHED|common.apex.soap.impl.ApexObjectSerializer
16:49:07.175 (176119171)|CODE_UNIT_STARTED|[EXTERNAL]|common.apex.soap.impl.ApexObjectSerializer
16:49:07.175 (176149686)|CODE_UNIT_FINISHED|common.apex.soap.impl.ApexObjectSerializer
16:49:07.175 (176160049)|CODE_UNIT_STARTED|[EXTERNAL]|common.apex.soap.impl.ApexObjectSerializer
16:49:07.175 (176192924)|CODE_UNIT_FINISHED|common.apex.soap.impl.ApexObjectSerializer
16:49:07.175 (176203771)|CODE_UNIT_STARTED|[EXTERNAL]|common.apex.soap.impl.ApexObjectSerializer
16:49:07.175 (176233683)|CODE_UNIT_FINISHED|common.apex.soap.impl.ApexObjectSerializer
16:49:07.175 (176243642)|CODE_UNIT_STARTED|[EXTERNAL]|common.apex.soap.impl.ApexObjectSerializer
16:49:07.175 (176272022)|CODE_UNIT_FINISHED|common.apex.soap.impl.ApexObjectSerializer
16:49:07.175 (176281788)|CODE_UNIT_STARTED|[EXTERNAL]|common.apex.soap.impl.ApexObjectSerializer
16:49:07.175 (176310721)|CODE_UNIT_FINISHED|common.apex.soap.impl.ApexObjectSerializer
16:49:07.175 (176337112)|CODE_UNIT_STARTED|[EXTERNAL]|common.apex.soap.impl.ApexObjectSerializer
16:49:07.175 (176390628)|CODE_UNIT_FINISHED|common.apex.soap.impl.ApexObjectSerializer
16:49:07.175 (176412883)|CODE_UNIT_STARTED|[EXTERNAL]|common.apex.soap.impl.ApexObjectSerializer
16:49:07.175 (176466744)|CODE_UNIT_FINISHED|common.apex.soap.impl.ApexObjectSerializer
16:49:07.175 (176482512)|CODE_UNIT_STARTED|[EXTERNAL]|common.apex.soap.impl.ApexObjectSerializer
16:49:07.175 (176514987)|CODE_UNIT_FINISHED|common.apex.soap.impl.ApexObjectSerializer
16:49:07.175 (176526162)|CODE_UNIT_STARTED|[EXTERNAL]|common.apex.soap.impl.ApexObjectSerializer
16:49:07.175 (176575247)|CODE_UNIT_FINISHED|common.apex.soap.impl.ApexObjectSerializer
16:49:07.175 (176594642)|CODE_UNIT_STARTED|[EXTERNAL]|common.apex.soap.impl.ApexObjectSerializer
16:49:07.175 (176630823)|CODE_UNIT_FINISHED|common.apex.soap.impl.ApexObjectSerializer
16:49:07.175 (176642502)|CODE_UNIT_STARTED|[EXTERNAL]|common.apex.soap.impl.ApexObjectSerializer
16:49:07.175 (176673541)|CODE_UNIT_FINISHED|common.apex.soap.impl.ApexObjectSerializer
16:49:07.175 (176696146)|CODE_UNIT_STARTED|[EXTERNAL]|common.apex.soap.impl.ApexObjectSerializer
16:49:07.175 (176740695)|CODE_UNIT_FINISHED|common.apex.soap.impl.ApexObjectSerializer
16:49:07.175 (176754233)|CODE_UNIT_STARTED|[EXTERNAL]|common.apex.soap.impl.ApexObjectSerializer
16:49:07.175 (176786928)|CODE_UNIT_FINISHED|common.apex.soap.impl.ApexObjectSerializer
16:49:07.175 (176797883)|CODE_UNIT_STARTED|[EXTERNAL]|common.apex.soap.impl.ApexObjectSerializer
16:49:07.175 (176826234)|CODE_UNIT_FINISHED|common.apex.soap.impl.ApexObjectSerializer
16:49:07.175 (176836235)|CODE_UNIT_STARTED|[EXTERNAL]|common.apex.soap.impl.ApexObjectSerializer
16:49:07.175 (176864231)|CODE_UNIT_FINISHED|common.apex.soap.impl.ApexObjectSerializer
16:49:07.175 (176874201)|CODE_UNIT_STARTED|[EXTERNAL]|common.apex.soap.impl.ApexObjectSerializer
16:49:07.175 (176901969)|CODE_UNIT_FINISHED|common.apex.soap.impl.ApexObjectSerializer
16:49:07.175 (176911574)|CODE_UNIT_STARTED|[EXTERNAL]|common.apex.soap.impl.ApexObjectSerializer
16:49:07.175 (176940820)|CODE_UNIT_FINISHED|common.apex.soap.impl.ApexObjectSerializer
16:49:07.175 (176950772)|CODE_UNIT_STARTED|[EXTERNAL]|common.apex.soap.impl.ApexObjectSerializer
16:49:07.175 (176977680)|CODE_UNIT_FINISHED|common.apex.soap.impl.ApexObjectSerializer
16:49:07.175 (176987868)|CODE_UNIT_STARTED|[EXTERNAL]|common.apex.soap.impl.ApexObjectSerializer
16:49:07.175 (177017026)|CODE_UNIT_FINISHED|common.apex.soap.impl.ApexObjectSerializer
16:49:07.175 (177028020)|CODE_UNIT_STARTED|[EXTERNAL]|common.apex.soap.impl.ApexObjectSerializer
16:49:07.175 (177055459)|CODE_UNIT_FINISHED|common.apex.soap.impl.ApexObjectSerializer
16:49:07.175 (177065308)|CODE_UNIT_STARTED|[EXTERNAL]|common.apex.soap.impl.ApexObjectSerializer
16:49:07.175 (177095056)|CODE_UNIT_FINISHED|common.apex.soap.impl.ApexObjectSerializer
16:49:07.175 (177104982)|CODE_UNIT_STARTED|[EXTERNAL]|common.apex.soap.impl.ApexObjectSerializer
16:49:07.175 (177134128)|CODE_UNIT_FINISHED|common.apex.soap.impl.ApexObjectSerializer
16:49:07.175 (177144211)|CODE_UNIT_STARTED|[EXTERNAL]|common.apex.soap.impl.ApexObjectSerializer
16:49:07.175 (177174946)|CODE_UNIT_FINISHED|common.apex.soap.impl.ApexObjectSerializer
16:49:07.175 (177185242)|CODE_UNIT_STARTED|[EXTERNAL]|common.apex.soap.impl.ApexObjectSerializer
16:49:07.175 (177214702)|CODE_UNIT_FINISHED|common.apex.soap.impl.ApexObjectSerializer
16:49:07.175 (177225964)|CODE_UNIT_STARTED|[EXTERNAL]|common.apex.soap.impl.ApexObjectSerializer
16:49:07.175 (177253512)|CODE_UNIT_FINISHED|common.apex.soap.impl.ApexObjectSerializer
16:49:07.175 (177263515)|CODE_UNIT_STARTED|[EXTERNAL]|common.apex.soap.impl.ApexObjectSerializer
16:49:07.175 (177292809)|CODE_UNIT_FINISHED|common.apex.soap.impl.ApexObjectSerializer
16:49:07.175 (177302678)|CODE_UNIT_STARTED|[EXTERNAL]|common.apex.soap.impl.ApexObjectSerializer
16:49:07.175 (177332808)|CODE_UNIT_FINISHED|common.apex.soap.impl.ApexObjectSerializer
16:49:07.175 (177343204)|CODE_UNIT_STARTED|[EXTERNAL]|common.apex.soap.impl.ApexObjectSerializer
16:49:07.175 (177371861)|CODE_UNIT_FINISHED|common.apex.soap.impl.ApexObjectSerializer
16:49:07.175 (177382080)|CODE_UNIT_STARTED|[EXTERNAL]|common.apex.soap.impl.ApexObjectSerializer
16:49:07.175 (177409403)|CODE_UNIT_FINISHED|common.apex.soap.impl.ApexObjectSerializer
16:49:07.175 (177419151)|CODE_UNIT_STARTED|[EXTERNAL]|common.apex.soap.impl.ApexObjectSerializer
16:49:07.175 (177446988)|CODE_UNIT_FINISHED|common.apex.soap.impl.ApexObjectSerializer
16:49:07.175 (177461385)|CODE_UNIT_STARTED|[EXTERNAL]|common.apex.soap.impl.ApexObjectSerializer
16:49:07.175 (177489733)|CODE_UNIT_FINISHED|common.apex.soap.impl.ApexObjectSerializer
16:49:07.175 (177500241)|CODE_UNIT_STARTED|[EXTERNAL]|common.apex.soap.impl.ApexObjectSerializer
16:49:07.175 (177528902)|CODE_UNIT_FINISHED|common.apex.soap.impl.ApexObjectSerializer
16:49:07.175 (177538907)|CODE_UNIT_STARTED|[EXTERNAL]|common.apex.soap.impl.ApexObjectSerializer
16:49:07.175 (177565697)|CODE_UNIT_FINISHED|common.apex.soap.impl.ApexObjectSerializer
16:49:07.175 (177575475)|CODE_UNIT_STARTED|[EXTERNAL]|common.apex.soap.impl.ApexObjectSerializer
16:49:07.175 (177606309)|CODE_UNIT_FINISHED|common.apex.soap.impl.ApexObjectSerializer
16:49:07.175 (177616282)|CODE_UNIT_STARTED|[EXTERNAL]|common.apex.soap.impl.ApexObjectSerializer
16:49:07.175 (177644822)|CODE_UNIT_FINISHED|common.apex.soap.impl.ApexObjectSerializer
16:49:07.175 (177654988)|CODE_UNIT_STARTED|[EXTERNAL]|common.apex.soap.impl.ApexObjectSerializer
16:49:07.175 (177684667)|CODE_UNIT_FINISHED|common.apex.soap.impl.ApexObjectSerializer
16:49:07.175 (177694942)|CODE_UNIT_STARTED|[EXTERNAL]|common.apex.soap.impl.ApexObjectSerializer
16:49:07.175 (177723023)|CODE_UNIT_FINISHED|common.apex.soap.impl.ApexObjectSerializer
16:49:07.175 (177732985)|CODE_UNIT_STARTED|[EXTERNAL]|common.apex.soap.impl.ApexObjectSerializer
16:49:07.175 (177761506)|CODE_UNIT_FINISHED|common.apex.soap.impl.ApexObjectSerializer
16:49:07.175 (177771561)|CODE_UNIT_STARTED|[EXTERNAL]|common.apex.soap.impl.ApexObjectSerializer
16:49:07.175 (177799125)|CODE_UNIT_FINISHED|common.apex.soap.impl.ApexObjectSerializer
16:49:07.175 (177809018)|CODE_UNIT_STARTED|[EXTERNAL]|common.apex.soap.impl.ApexObjectSerializer
16:49:07.175 (177835851)|CODE_UNIT_FINISHED|common.apex.soap.impl.ApexObjectSerializer
16:49:07.175 (177845462)|CODE_UNIT_STARTED|[EXTERNAL]|common.apex.soap.impl.ApexObjectSerializer
16:49:07.175 (177873678)|CODE_UNIT_FINISHED|common.apex.soap.impl.ApexObjectSerializer
16:49:07.175 (177883920)|CODE_UNIT_STARTED|[EXTERNAL]|common.apex.soap.impl.ApexObjectSerializer
16:49:07.175 (177911694)|CODE_UNIT_FINISHED|common.apex.soap.impl.ApexObjectSerializer
16:49:07.175 (177921369)|CODE_UNIT_STARTED|[EXTERNAL]|common.apex.soap.impl.ApexObjectSerializer
16:49:07.175 (177949700)|CODE_UNIT_FINISHED|common.apex.soap.impl.ApexObjectSerializer
16:49:07.175 (177959577)|CODE_UNIT_STARTED|[EXTERNAL]|common.apex.soap.impl.ApexObjectSerializer
16:49:07.175 (177992552)|CODE_UNIT_FINISHED|common.apex.soap.impl.ApexObjectSerializer
16:49:07.175 (178003259)|CODE_UNIT_STARTED|[EXTERNAL]|common.apex.soap.impl.ApexObjectSerializer
16:49:07.175 (178034679)|CODE_UNIT_FINISHED|common.apex.soap.impl.ApexObjectSerializer
16:49:07.175 (178045087)|CODE_UNIT_STARTED|[EXTERNAL]|common.apex.soap.impl.ApexObjectSerializer
16:49:07.175 (178072928)|CODE_UNIT_FINISHED|common.apex.soap.impl.ApexObjectSerializer
16:49:07.175 (178083036)|CODE_UNIT_STARTED|[EXTERNAL]|common.apex.soap.impl.ApexObjectSerializer
16:49:07.175 (178110889)|CODE_UNIT_FINISHED|common.apex.soap.impl.ApexObjectSerializer
16:49:07.175 (178120756)|CODE_UNIT_STARTED|[EXTERNAL]|common.apex.soap.impl.ApexObjectSerializer
16:49:07.175 (178148404)|CODE_UNIT_FINISHED|common.apex.soap.impl.ApexObjectSerializer
16:49:07.175 (178157943)|CODE_UNIT_STARTED|[EXTERNAL]|common.apex.soap.impl.ApexObjectSerializer
16:49:07.175 (178186070)|CODE_UNIT_FINISHED|common.apex.soap.impl.ApexObjectSerializer
16:49:07.175 (178195676)|CODE_UNIT_STARTED|[EXTERNAL]|common.apex.soap.impl.ApexObjectSerializer
16:49:07.175 (178223357)|CODE_UNIT_FINISHED|common.apex.soap.impl.ApexObjectSerializer
16:49:07.175 (178233380)|CODE_UNIT_STARTED|[EXTERNAL]|common.apex.soap.impl.ApexObjectSerializer
16:49:07.175 (178261938)|CODE_UNIT_FINISHED|common.apex.soap.impl.ApexObjectSerializer
16:49:07.175 (178272168)|CODE_UNIT_STARTED|[EXTERNAL]|common.apex.soap.impl.ApexObjectSerializer
16:49:07.175 (178299563)|CODE_UNIT_FINISHED|common.apex.soap.impl.ApexObjectSerializer
16:49:07.175 (178309348)|CODE_UNIT_STARTED|[EXTERNAL]|common.apex.soap.impl.ApexObjectSerializer
16:49:07.175 (178337878)|CODE_UNIT_FINISHED|common.apex.soap.impl.ApexObjectSerializer
16:49:07.175 (178347490)|CODE_UNIT_STARTED|[EXTERNAL]|common.apex.soap.impl.ApexObjectSerializer
16:49:07.175 (178376742)|CODE_UNIT_FINISHED|common.apex.soap.impl.ApexObjectSerializer
16:49:07.175 (178386457)|CODE_UNIT_STARTED|[EXTERNAL]|common.apex.soap.impl.ApexObjectSerializer
16:49:07.175 (178416294)|CODE_UNIT_FINISHED|common.apex.soap.impl.ApexObjectSerializer
16:49:07.175 (178426351)|CODE_UNIT_STARTED|[EXTERNAL]|common.apex.soap.impl.ApexObjectSerializer
16:49:07.175 (178456925)|CODE_UNIT_FINISHED|common.apex.soap.impl.ApexObjectSerializer
16:49:07.175 (178467465)|CODE_UNIT_STARTED|[EXTERNAL]|common.apex.soap.impl.ApexObjectSerializer
16:49:07.175 (178496114)|CODE_UNIT_FINISHED|common.apex.soap.impl.ApexObjectSerializer
16:49:07.175 (178506112)|CODE_UNIT_STARTED|[EXTERNAL]|common.apex.soap.impl.ApexObjectSerializer
16:49:07.175 (178534785)|CODE_UNIT_FINISHED|common.apex.soap.impl.ApexObjectSerializer
16:49:07.175 (178544544)|CODE_UNIT_STARTED|[EXTERNAL]|common.apex.soap.impl.ApexObjectSerializer
16:49:07.175 (178571560)|CODE_UNIT_FINISHED|common.apex.soap.impl.ApexObjectSerializer
16:49:07.175 (178581199)|CODE_UNIT_STARTED|[EXTERNAL]|common.apex.soap.impl.ApexObjectSerializer
16:49:07.175 (178609099)|CODE_UNIT_FINISHED|common.apex.soap.impl.ApexObjectSerializer
16:49:07.175 (178618706)|CODE_UNIT_STARTED|[EXTERNAL]|common.apex.soap.impl.ApexObjectSerializer
16:49:07.175 (178646671)|CODE_UNIT_FINISHED|common.apex.soap.impl.ApexObjectSerializer
16:49:07.175 (178656538)|CODE_UNIT_STARTED|[EXTERNAL]|common.apex.soap.impl.ApexObjectSerializer
16:49:07.175 (178686652)|CODE_UNIT_FINISHED|common.apex.soap.impl.ApexObjectSerializer
16:49:07.175 (178696337)|CODE_UNIT_STARTED|[EXTERNAL]|common.apex.soap.impl.ApexObjectSerializer
16:49:07.175 (178723078)|CODE_UNIT_FINISHED|common.apex.soap.impl.ApexObjectSerializer
16:49:07.175 (178732829)|CODE_UNIT_STARTED|[EXTERNAL]|common.apex.soap.impl.ApexObjectSerializer
16:49:07.175 (178762067)|CODE_UNIT_FINISHED|common.apex.soap.impl.ApexObjectSerializer
16:49:07.175 (178771838)|CODE_UNIT_STARTED|[EXTERNAL]|common.apex.soap.impl.ApexObjectSerializer
16:49:07.175 (178801437)|CODE_UNIT_FINISHED|common.apex.soap.impl.ApexObjectSerializer
16:49:07.175 (178811407)|CODE_UNIT_STARTED|[EXTERNAL]|common.apex.soap.impl.ApexObjectSerializer
16:49:07.175 (178843551)|CODE_UNIT_FINISHED|common.apex.soap.impl.ApexObjectSerializer
16:49:07.175 (178853752)|CODE_UNIT_STARTED|[EXTERNAL]|common.apex.soap.impl.ApexObjectSerializer
16:49:07.175 (178883276)|CODE_UNIT_FINISHED|common.apex.soap.impl.ApexObjectSerializer
16:49:07.175 (178892984)|CODE_UNIT_STARTED|[EXTERNAL]|common.apex.soap.impl.ApexObjectSerializer
16:49:07.175 (178945145)|CODE_UNIT_FINISHED|common.apex.soap.impl.ApexObjectSerializer
16:49:07.175 (178965543)|CODE_UNIT_STARTED|[EXTERNAL]|common.apex.soap.impl.ApexObjectSerializer
16:49:07.175 (179013466)|CODE_UNIT_FINISHED|common.apex.soap.impl.ApexObjectSerializer
16:49:07.175 (179029576)|CODE_UNIT_STARTED|[EXTERNAL]|common.apex.soap.impl.ApexObjectSerializer
16:49:07.175 (179060847)|CODE_UNIT_FINISHED|common.apex.soap.impl.ApexObjectSerializer
16:49:07.175 (179071419)|CODE_UNIT_STARTED|[EXTERNAL]|common.apex.soap.impl.ApexObjectSerializer
16:49:07.175 (179101120)|CODE_UNIT_FINISHED|common.apex.soap.impl.ApexObjectSerializer
16:49:07.175 (179124634)|CODE_UNIT_STARTED|[EXTERNAL]|common.apex.soap.impl.ApexObjectSerializer
16:49:07.175 (179166580)|CODE_UNIT_FINISHED|common.apex.soap.impl.ApexObjectSerializer
16:49:07.175 (179180173)|CODE_UNIT_STARTED|[EXTERNAL]|common.apex.soap.impl.ApexObjectSerializer
16:49:07.175 (179208188)|CODE_UNIT_FINISHED|common.apex.soap.impl.ApexObjectSerializer
16:49:07.175 (179218269)|CODE_UNIT_STARTED|[EXTERNAL]|common.apex.soap.impl.ApexObjectSerializer
16:49:07.175 (179246851)|CODE_UNIT_FINISHED|common.apex.soap.impl.ApexObjectSerializer
16:49:07.175 (179257045)|CODE_UNIT_STARTED|[EXTERNAL]|common.apex.soap.impl.ApexObjectSerializer
16:49:07.175 (179309676)|CODE_UNIT_FINISHED|common.apex.soap.impl.ApexObjectSerializer
16:49:07.175 (179323882)|CODE_UNIT_STARTED|[EXTERNAL]|common.apex.soap.impl.ApexObjectSerializer
16:49:07.175 (179356153)|CODE_UNIT_FINISHED|common.apex.soap.impl.ApexObjectSerializer
16:49:07.175 (179366870)|CODE_UNIT_STARTED|[EXTERNAL]|common.apex.soap.impl.ApexObjectSerializer
16:49:07.175 (179394239)|CODE_UNIT_FINISHED|common.apex.soap.impl.ApexObjectSerializer
16:49:07.175 (179404226)|CODE_UNIT_STARTED|[EXTERNAL]|common.apex.soap.impl.ApexObjectSerializer
16:49:07.175 (179433046)|CODE_UNIT_FINISHED|common.apex.soap.impl.ApexObjectSerializer
16:49:07.175 (179442917)|CODE_UNIT_STARTED|[EXTERNAL]|common.apex.soap.impl.ApexObjectSerializer
16:49:07.175 (179476757)|CODE_UNIT_FINISHED|common.apex.soap.impl.ApexObjectSerializer
16:49:07.175 (179487469)|CODE_UNIT_STARTED|[EXTERNAL]|common.apex.soap.impl.ApexObjectSerializer
16:49:07.175 (179517524)|CODE_UNIT_FINISHED|common.apex.soap.impl.ApexObjectSerializer
16:49:07.175 (179528156)|CODE_UNIT_STARTED|[EXTERNAL]|common.apex.soap.impl.ApexObjectSerializer
16:49:07.175 (179558318)|CODE_UNIT_FINISHED|common.apex.soap.impl.ApexObjectSerializer
16:49:07.175 (179568099)|CODE_UNIT_STARTED|[EXTERNAL]|common.apex.soap.impl.ApexObjectSerializer
16:49:07.175 (179597007)|CODE_UNIT_FINISHED|common.apex.soap.impl.ApexObjectSerializer
16:49:07.175 (179606805)|CODE_UNIT_STARTED|[EXTERNAL]|common.apex.soap.impl.ApexObjectSerializer
16:49:07.175 (179632045)|CODE_UNIT_FINISHED|common.apex.soap.impl.ApexObjectSerializer
16:49:07.175 (179641325)|CODE_UNIT_STARTED|[EXTERNAL]|common.apex.soap.impl.ApexObjectSerializer
16:49:07.175 (179667124)|CODE_UNIT_FINISHED|common.apex.soap.impl.ApexObjectSerializer
16:49:07.175 (179674094)|CODE_UNIT_FINISHED|common.apex.soap.impl.ApexObjectSerializer
16:49:07.175 (181206615)|EXECUTION_FINISHED
